<?xml version="1.0" encoding="UTF-8"?>
<!-- Generated by org.testng.reporters.JUnitXMLReporter -->
<testsuite ignored="0" hostname="harinders-air.lan" failures="0" tests="11" name="Free CRM App Test Cases" time="156.348" errors="0" timestamp="2022-11-11T19:03:36 EST">
  <testcase classname="com.crm.qa.testcases.LoginPageTest" name="loginPageTitkeTest" time="0.035"/>
  <testcase classname="com.crm.qa.testcases.LoginPageTest" name="crmLogoImageTest" time="0.147"/>
  <testcase classname="com.crm.qa.testcases.LoginPageTest" name="loginTest" time="4.827"/>
  <testcase classname="com.crm.qa.testcases.HomePageTest" name="verifyHomePageTitle" time="0.006"/>
  <testcase classname="com.crm.qa.testcases.HomePageTest" name="verifyUserNameTest" time="0.636"/>
  <testcase classname="com.crm.qa.testcases.HomePageTest" name="verifyContactsLinkText" time="1.042"/>
  <testcase classname="com.crm.qa.testcases.ContactsPageTest" name="verifyContactsPageLabel" time="0.135"/>
  <testcase classname="com.crm.qa.testcases.ContactsPageTest" name="validateCreateMultipleNewContact" time="2.712"/>
  <testcase classname="com.crm.qa.testcases.ContactsPageTest" name="validateCreateMultipleNewContact" time="2.637"/>
  <testcase classname="com.crm.qa.testcases.ContactsPageTest" name="validateCreateMultipleNewContact" time="2.707"/>
  <testcase classname="com.crm.qa.testcases.ContactsPageTest" name="validateCreateNewContact" time="2.675"/>
</testsuite> <!-- Free CRM App Test Cases -->
