<?xml version="1.0" encoding="UTF-8"?>
<!-- Generated by org.testng.reporters.JUnitXMLReporter -->
<testsuite ignored="0" hostname="harinders-air.lan" failures="0" tests="3" name="Default test" time="33.765" errors="0" timestamp="2022-11-11T23:32:19 EST">
  <testcase classname="com.crm.qa.testcases.LoginPageTest" name="loginPageTitkeTest" time="0.041"/>
  <testcase classname="com.crm.qa.testcases.LoginPageTest" name="crmLogoImageTest" time="0.186"/>
  <testcase classname="com.crm.qa.testcases.LoginPageTest" name="loginTest" time="4.704"/>
</testsuite> <!-- Default test -->
