<?xml version="1.0" encoding="UTF-8"?>
<testng-results ignored="0" total="3" passed="3" failed="0" skipped="0">
  <reporter-output>
  </reporter-output>
  <suite started-at="2022-11-11T23:31:45 EST" name="Default suite" finished-at="2022-11-11T23:32:19 EST" duration-ms="33765">
    <groups>
    </groups>
    <test started-at="2022-11-11T23:31:45 EST" name="Default test" finished-at="2022-11-11T23:32:19 EST" duration-ms="33765">
      <class name="com.crm.qa.testcases.LoginPageTest">
        <test-method is-config="true" signature="setUp()[pri:0, instance:com.crm.qa.testcases.LoginPageTest@56528192]" started-at="2022-11-11T23:31:46 EST" name="setUp" finished-at="2022-11-11T23:31:56 EST" duration-ms="10667" status="PASS">
          <reporter-output>
          </reporter-output>
        </test-method> <!-- setUp -->
        <test-method signature="loginPageTitkeTest()[pri:1, instance:com.crm.qa.testcases.LoginPageTest@56528192]" started-at="2022-11-11T23:31:56 EST" name="loginPageTitkeTest" finished-at="2022-11-11T23:31:56 EST" duration-ms="41" status="PASS">
          <reporter-output>
          </reporter-output>
        </test-method> <!-- loginPageTitkeTest -->
        <test-method is-config="true" signature="tearDown()[pri:0, instance:com.crm.qa.testcases.LoginPageTest@56528192]" started-at="2022-11-11T23:31:56 EST" name="tearDown" finished-at="2022-11-11T23:31:58 EST" duration-ms="1592" status="PASS">
          <reporter-output>
          </reporter-output>
        </test-method> <!-- tearDown -->
        <test-method is-config="true" signature="setUp()[pri:0, instance:com.crm.qa.testcases.LoginPageTest@56528192]" started-at="2022-11-11T23:31:58 EST" name="setUp" finished-at="2022-11-11T23:32:05 EST" duration-ms="6799" status="PASS">
          <reporter-output>
          </reporter-output>
        </test-method> <!-- setUp -->
        <test-method signature="crmLogoImageTest()[pri:2, instance:com.crm.qa.testcases.LoginPageTest@56528192]" started-at="2022-11-11T23:32:05 EST" name="crmLogoImageTest" finished-at="2022-11-11T23:32:05 EST" duration-ms="186" status="PASS">
          <reporter-output>
          </reporter-output>
        </test-method> <!-- crmLogoImageTest -->
        <test-method is-config="true" signature="tearDown()[pri:0, instance:com.crm.qa.testcases.LoginPageTest@56528192]" started-at="2022-11-11T23:32:05 EST" name="tearDown" finished-at="2022-11-11T23:32:06 EST" duration-ms="1247" status="PASS">
          <reporter-output>
          </reporter-output>
        </test-method> <!-- tearDown -->
        <test-method is-config="true" signature="setUp()[pri:0, instance:com.crm.qa.testcases.LoginPageTest@56528192]" started-at="2022-11-11T23:32:06 EST" name="setUp" finished-at="2022-11-11T23:32:13 EST" duration-ms="7039" status="PASS">
          <reporter-output>
          </reporter-output>
        </test-method> <!-- setUp -->
        <test-method signature="loginTest()[pri:3, instance:com.crm.qa.testcases.LoginPageTest@56528192]" started-at="2022-11-11T23:32:13 EST" name="loginTest" finished-at="2022-11-11T23:32:18 EST" duration-ms="4704" status="PASS">
          <reporter-output>
          </reporter-output>
        </test-method> <!-- loginTest -->
        <test-method is-config="true" signature="tearDown()[pri:0, instance:com.crm.qa.testcases.LoginPageTest@56528192]" started-at="2022-11-11T23:32:18 EST" name="tearDown" finished-at="2022-11-11T23:32:19 EST" duration-ms="1362" status="PASS">
          <reporter-output>
          </reporter-output>
        </test-method> <!-- tearDown -->
      </class> <!-- com.crm.qa.testcases.LoginPageTest -->
    </test> <!-- Default test -->
  </suite> <!-- Default suite -->
</testng-results>
